  Main.cpp
F:\Google Drive\VisualStudio\Parking system\Parking system\Main.cpp(65,4): warning C4996: 'getch': The POSIX name for this item is deprecated. Instead, use the ISO C and C++ conformant name: _getch. See online help for details.
F:\Google Drive\VisualStudio\Parking system\Parking system\Main.cpp(72,3): warning C4996: 'getch': The POSIX name for this item is deprecated. Instead, use the ISO C and C++ conformant name: _getch. See online help for details.
F:\Google Drive\VisualStudio\Parking system\Parking system\Main.cpp(80,3): warning C4996: 'getch': The POSIX name for this item is deprecated. Instead, use the ISO C and C++ conformant name: _getch. See online help for details.
F:\Google Drive\VisualStudio\Parking system\Parking system\Main.cpp(85,3): warning C4996: 'getch': The POSIX name for this item is deprecated. Instead, use the ISO C and C++ conformant name: _getch. See online help for details.
F:\Google Drive\VisualStudio\Parking system\Parking system\Main.cpp(105,120): warning C4996: 'getch': The POSIX name for this item is deprecated. Instead, use the ISO C and C++ conformant name: _getch. See online help for details.
F:\Google Drive\VisualStudio\Parking system\Parking system\Main.cpp(106,121): warning C4996: 'getch': The POSIX name for this item is deprecated. Instead, use the ISO C and C++ conformant name: _getch. See online help for details.
F:\Google Drive\VisualStudio\Parking system\Parking system\Main.cpp(107,121): warning C4996: 'getch': The POSIX name for this item is deprecated. Instead, use the ISO C and C++ conformant name: _getch. See online help for details.
F:\Google Drive\VisualStudio\Parking system\Parking system\Main.cpp(121,2): warning C4996: 'getch': The POSIX name for this item is deprecated. Instead, use the ISO C and C++ conformant name: _getch. See online help for details.
F:\Google Drive\VisualStudio\Parking system\Parking system\Main.cpp(185,54): warning C4244: '=': conversion from 'float' to 'int', possible loss of data
F:\Google Drive\VisualStudio\Parking system\Parking system\Main.cpp(186,50): warning C4244: 'argument': conversion from 'int' to 'float', possible loss of data
F:\Google Drive\VisualStudio\Parking system\Parking system\Main.cpp(186,35): warning C4244: '=': conversion from 'float' to 'int', possible loss of data
F:\Google Drive\VisualStudio\Parking system\Parking system\Main.cpp(134,4): warning C4996: 'getch': The POSIX name for this item is deprecated. Instead, use the ISO C and C++ conformant name: _getch. See online help for details.
F:\Google Drive\VisualStudio\Parking system\Parking system\Main.cpp(148,11): warning C4996: 'getch': The POSIX name for this item is deprecated. Instead, use the ISO C and C++ conformant name: _getch. See online help for details.
F:\Google Drive\VisualStudio\Parking system\Parking system\Main.cpp(150,10): warning C4996: 'kbhit': The POSIX name for this item is deprecated. Instead, use the ISO C and C++ conformant name: _kbhit. See online help for details.
F:\Google Drive\VisualStudio\Parking system\Parking system\Main.cpp(180,133): warning C4996: 'getch': The POSIX name for this item is deprecated. Instead, use the ISO C and C++ conformant name: _getch. See online help for details.
F:\Google Drive\VisualStudio\Parking system\Parking system\Main.cpp(181,134): warning C4996: 'getch': The POSIX name for this item is deprecated. Instead, use the ISO C and C++ conformant name: _getch. See online help for details.
F:\Google Drive\VisualStudio\Parking system\Parking system\Main.cpp(182,134): warning C4996: 'getch': The POSIX name for this item is deprecated. Instead, use the ISO C and C++ conformant name: _getch. See online help for details.
F:\Google Drive\VisualStudio\Parking system\Parking system\Main.cpp(193,5): warning C4996: 'getch': The POSIX name for this item is deprecated. Instead, use the ISO C and C++ conformant name: _getch. See online help for details.
F:\Google Drive\VisualStudio\Parking system\Parking system\Main.cpp(200,15): warning C4996: 'getch': The POSIX name for this item is deprecated. Instead, use the ISO C and C++ conformant name: _getch. See online help for details.
F:\Google Drive\VisualStudio\Parking system\Parking system\Main.cpp(249,11): warning C4996: 'getch': The POSIX name for this item is deprecated. Instead, use the ISO C and C++ conformant name: _getch. See online help for details.
F:\Google Drive\VisualStudio\Parking system\Parking system\Main.cpp(251,10): warning C4996: 'kbhit': The POSIX name for this item is deprecated. Instead, use the ISO C and C++ conformant name: _kbhit. See online help for details.
F:\Google Drive\VisualStudio\Parking system\Parking system\Main.cpp(261,15): warning C4996: 'getch': The POSIX name for this item is deprecated. Instead, use the ISO C and C++ conformant name: _getch. See online help for details.
  ParkingSystemClass.cpp
F:\Google Drive\VisualStudio\Parking system\Parking system\ParkingSystemClass.cpp(44,10): warning C4996: 'localtime': This function or variable may be unsafe. Consider using localtime_s instead. To disable deprecation, use _CRT_SECURE_NO_WARNINGS. See online help for details.
F:\Google Drive\VisualStudio\Parking system\Parking system\ParkingSystemClass.cpp(59,10): warning C4996: 'localtime': This function or variable may be unsafe. Consider using localtime_s instead. To disable deprecation, use _CRT_SECURE_NO_WARNINGS. See online help for details.
  Generating Code...
  Parking system.vcxproj -> F:\Google Drive\VisualStudio\Parking system\Debug\Parking system.exe
